{
  "RSpec": {
    "coverage": {
      "/Users/leopoldkwok/Google Drive/makersacademy/challenges/challenge6/chitter_lk/app/server.rb": [
        1,
        1,
        1,
        1,
        1,
        1,
        null,
        1,
        1,
        null,
        1,
        1,
        1,
        1,
        null,
        1,
        null,
        1,
        94,
        1,
        null,
        1
      ],
      "/Users/leopoldkwok/Google Drive/makersacademy/challenges/challenge6/chitter_lk/app/helpers/application.rb": [
        1,
        68,
        null
      ],
      "/Users/leopoldkwok/Google Drive/makersacademy/challenges/challenge6/chitter_lk/app/data_mapper_setup.rb": [
        1,
        null,
        1,
        null,
        null,
        1,
        1,
        null,
        null,
        null,
        1,
        1,
        1
      ],
      "/Users/leopoldkwok/Google Drive/makersacademy/challenges/challenge6/chitter_lk/app/models/peep.rb": [
        1,
        1,
        null,
        1,
        1,
        null,
        1,
        null,
        1,
        1,
        null,
        null
      ],
      "/Users/leopoldkwok/Google Drive/makersacademy/challenges/challenge6/chitter_lk/app/models/user.rb": [
        1,
        null,
        1,
        1,
        null,
        1,
        null,
        1,
        1,
        null,
        null,
        1,
        1,
        null,
        1,
        null,
        1,
        1,
        null,
        1,
        null,
        null,
        1,
        11,
        11,
        null,
        null,
        1,
        5,
        5,
        4,
        null,
        null,
        null,
        null,
        null,
        null
      ],
      "/Users/leopoldkwok/Google Drive/makersacademy/challenges/challenge6/chitter_lk/app/controllers/application.rb": [
        1,
        18,
        18,
        null
      ],
      "/Users/leopoldkwok/Google Drive/makersacademy/challenges/challenge6/chitter_lk/app/controllers/peeps.rb": [
        1,
        3,
        3,
        3,
        null,
        0,
        0,
        null,
        null
      ],
      "/Users/leopoldkwok/Google Drive/makersacademy/challenges/challenge6/chitter_lk/app/controllers/users.rb": [
        1,
        5,
        5,
        null,
        null,
        1,
        5,
        null,
        null,
        null,
        null,
        5,
        3,
        3,
        null,
        2,
        2,
        null,
        null
      ],
      "/Users/leopoldkwok/Google Drive/makersacademy/challenges/challenge6/chitter_lk/app/controllers/sessions.rb": [
        1,
        5,
        null,
        null,
        1,
        5,
        5,
        5,
        4,
        4,
        null,
        1,
        1,
        null,
        null,
        null,
        1,
        1,
        1,
        1,
        null
      ]
    },
    "timestamp": 1415982040
  }
}
